{"/home/musab/ltuc/401/data-structures-and-algorithms401/challenges/linkedList/linked-list.js": {"path":"/home/musab/ltuc/401/data-structures-and-algorithms401/challenges/linkedList/linked-list.js","statementMap":{"0":{"start":{"line":6,"column":4},"end":{"line":6,"column":23}},"1":{"start":{"line":7,"column":4},"end":{"line":7,"column":21}},"2":{"start":{"line":13,"column":4},"end":{"line":13,"column":21}},"3":{"start":{"line":33,"column":15},"end":{"line":33,"column":30}},"4":{"start":{"line":34,"column":4},"end":{"line":37,"column":5}},"5":{"start":{"line":35,"column":6},"end":{"line":35,"column":23}},"6":{"start":{"line":36,"column":6},"end":{"line":36,"column":17}},"7":{"start":{"line":38,"column":25},"end":{"line":38,"column":34}},"8":{"start":{"line":39,"column":4},"end":{"line":42,"column":5}},"9":{"start":{"line":41,"column":6},"end":{"line":41,"column":42}},"10":{"start":{"line":43,"column":4},"end":{"line":43,"column":30}},"11":{"start":{"line":44,"column":4},"end":{"line":44,"column":15}},"12":{"start":{"line":48,"column":18},"end":{"line":48,"column":33}},"13":{"start":{"line":49,"column":4},"end":{"line":49,"column":29}},"14":{"start":{"line":50,"column":4},"end":{"line":50,"column":24}},"15":{"start":{"line":51,"column":4},"end":{"line":51,"column":21}},"16":{"start":{"line":55,"column":22},"end":{"line":55,"column":31}},"17":{"start":{"line":56,"column":4},"end":{"line":64,"column":5}},"18":{"start":{"line":57,"column":6},"end":{"line":62,"column":7}},"19":{"start":{"line":58,"column":22},"end":{"line":58,"column":38}},"20":{"start":{"line":59,"column":8},"end":{"line":59,"column":39}},"21":{"start":{"line":60,"column":8},"end":{"line":60,"column":34}},"22":{"start":{"line":61,"column":8},"end":{"line":61,"column":15}},"23":{"start":{"line":63,"column":6},"end":{"line":63,"column":36}},"24":{"start":{"line":70,"column":22},"end":{"line":70,"column":31}},"25":{"start":{"line":72,"column":4},"end":{"line":95,"column":5}},"26":{"start":{"line":74,"column":6},"end":{"line":83,"column":7}},"27":{"start":{"line":75,"column":22},"end":{"line":75,"column":37}},"28":{"start":{"line":77,"column":8},"end":{"line":77,"column":34}},"29":{"start":{"line":79,"column":8},"end":{"line":79,"column":40}},"30":{"start":{"line":81,"column":8},"end":{"line":81,"column":35}},"31":{"start":{"line":82,"column":8},"end":{"line":82,"column":15}},"32":{"start":{"line":85,"column":6},"end":{"line":92,"column":7}},"33":{"start":{"line":86,"column":22},"end":{"line":86,"column":38}},"34":{"start":{"line":88,"column":8},"end":{"line":88,"column":40}},"35":{"start":{"line":90,"column":8},"end":{"line":90,"column":35}},"36":{"start":{"line":91,"column":8},"end":{"line":91,"column":15}},"37":{"start":{"line":93,"column":6},"end":{"line":93,"column":36}},"38":{"start":{"line":100,"column":25},"end":{"line":100,"column":34}},"39":{"start":{"line":102,"column":4},"end":{"line":107,"column":5}},"40":{"start":{"line":103,"column":6},"end":{"line":105,"column":7}},"41":{"start":{"line":104,"column":8},"end":{"line":104,"column":19}},"42":{"start":{"line":106,"column":6},"end":{"line":106,"column":42}},"43":{"start":{"line":108,"column":4},"end":{"line":108,"column":16}},"44":{"start":{"line":113,"column":21},"end":{"line":113,"column":30}},"45":{"start":{"line":114,"column":20},"end":{"line":114,"column":22}},"46":{"start":{"line":115,"column":4},"end":{"line":118,"column":5}},"47":{"start":{"line":116,"column":6},"end":{"line":116,"column":38}},"48":{"start":{"line":117,"column":6},"end":{"line":117,"column":34}},"49":{"start":{"line":119,"column":4},"end":{"line":119,"column":24}},"50":{"start":{"line":121,"column":22},"end":{"line":124,"column":12}},"51":{"start":{"line":122,"column":8},"end":{"line":122,"column":57}},"52":{"start":{"line":122,"column":30},"end":{"line":122,"column":55}},"53":{"start":{"line":123,"column":8},"end":{"line":123,"column":35}},"54":{"start":{"line":126,"column":4},"end":{"line":126,"column":22}},"55":{"start":{"line":129,"column":22},"end":{"line":129,"column":31}},"56":{"start":{"line":130,"column":14},"end":{"line":130,"column":16}},"57":{"start":{"line":131,"column":4},"end":{"line":135,"column":5}},"58":{"start":{"line":133,"column":6},"end":{"line":133,"column":33}},"59":{"start":{"line":134,"column":6},"end":{"line":134,"column":36}},"60":{"start":{"line":137,"column":12},"end":{"line":137,"column":30}},"61":{"start":{"line":138,"column":4},"end":{"line":143,"column":5}},"62":{"start":{"line":140,"column":6},"end":{"line":140,"column":19}},"63":{"start":{"line":142,"column":6},"end":{"line":142,"column":24}},"64":{"start":{"line":149,"column":22},"end":{"line":149,"column":31}},"65":{"start":{"line":150,"column":19},"end":{"line":150,"column":23}},"66":{"start":{"line":151,"column":16},"end":{"line":151,"column":20}},"67":{"start":{"line":152,"column":4},"end":{"line":157,"column":5}},"68":{"start":{"line":153,"column":6},"end":{"line":153,"column":30}},"69":{"start":{"line":154,"column":6},"end":{"line":154,"column":33}},"70":{"start":{"line":155,"column":6},"end":{"line":155,"column":28}},"71":{"start":{"line":156,"column":6},"end":{"line":156,"column":25}},"72":{"start":{"line":159,"column":4},"end":{"line":159,"column":19}},"73":{"start":{"line":163,"column":22},"end":{"line":163,"column":31}},"74":{"start":{"line":165,"column":4},"end":{"line":167,"column":5}},"75":{"start":{"line":166,"column":6},"end":{"line":166,"column":36}},"76":{"start":{"line":171,"column":22},"end":{"line":171,"column":31}},"77":{"start":{"line":172,"column":16},"end":{"line":172,"column":18}},"78":{"start":{"line":173,"column":4},"end":{"line":176,"column":5}},"79":{"start":{"line":174,"column":6},"end":{"line":174,"column":35}},"80":{"start":{"line":175,"column":6},"end":{"line":175,"column":36}},"81":{"start":{"line":179,"column":4},"end":{"line":179,"column":46}},"82":{"start":{"line":180,"column":4},"end":{"line":182,"column":5}},"83":{"start":{"line":180,"column":17},"end":{"line":180,"column":18}},"84":{"start":{"line":181,"column":6},"end":{"line":181,"column":68}},"85":{"start":{"line":181,"column":54},"end":{"line":181,"column":66}},"86":{"start":{"line":183,"column":4},"end":{"line":183,"column":15}},"87":{"start":{"line":192,"column":0},"end":{"line":192,"column":27}}},"fnMap":{"0":{"name":"(anonymous_0)","decl":{"start":{"line":5,"column":2},"end":{"line":5,"column":3}},"loc":{"start":{"line":5,"column":21},"end":{"line":8,"column":3}},"line":5},"1":{"name":"(anonymous_1)","decl":{"start":{"line":12,"column":2},"end":{"line":12,"column":3}},"loc":{"start":{"line":12,"column":16},"end":{"line":14,"column":3}},"line":12},"2":{"name":"(anonymous_2)","decl":{"start":{"line":32,"column":2},"end":{"line":32,"column":3}},"loc":{"start":{"line":32,"column":16},"end":{"line":45,"column":3}},"line":32},"3":{"name":"(anonymous_3)","decl":{"start":{"line":47,"column":2},"end":{"line":47,"column":3}},"loc":{"start":{"line":47,"column":16},"end":{"line":52,"column":3}},"line":47},"4":{"name":"(anonymous_4)","decl":{"start":{"line":54,"column":2},"end":{"line":54,"column":3}},"loc":{"start":{"line":54,"column":29},"end":{"line":65,"column":3}},"line":54},"5":{"name":"(anonymous_5)","decl":{"start":{"line":68,"column":2},"end":{"line":68,"column":3}},"loc":{"start":{"line":68,"column":30},"end":{"line":96,"column":3}},"line":68},"6":{"name":"(anonymous_6)","decl":{"start":{"line":99,"column":2},"end":{"line":99,"column":3}},"loc":{"start":{"line":99,"column":18},"end":{"line":109,"column":3}},"line":99},"7":{"name":"(anonymous_7)","decl":{"start":{"line":112,"column":2},"end":{"line":112,"column":3}},"loc":{"start":{"line":112,"column":13},"end":{"line":127,"column":3}},"line":112},"8":{"name":"(anonymous_8)","decl":{"start":{"line":121,"column":39},"end":{"line":121,"column":40}},"loc":{"start":{"line":121,"column":55},"end":{"line":124,"column":7}},"line":121},"9":{"name":"(anonymous_9)","decl":{"start":{"line":128,"column":2},"end":{"line":128,"column":3}},"loc":{"start":{"line":128,"column":16},"end":{"line":145,"column":3}},"line":128},"10":{"name":"(anonymous_10)","decl":{"start":{"line":148,"column":2},"end":{"line":148,"column":3}},"loc":{"start":{"line":148,"column":12},"end":{"line":160,"column":3}},"line":148},"11":{"name":"(anonymous_11)","decl":{"start":{"line":162,"column":2},"end":{"line":162,"column":3}},"loc":{"start":{"line":162,"column":10},"end":{"line":168,"column":3}},"line":162},"12":{"name":"(anonymous_12)","decl":{"start":{"line":170,"column":2},"end":{"line":170,"column":3}},"loc":{"start":{"line":170,"column":15},"end":{"line":184,"column":3}},"line":170}},"branchMap":{"0":{"loc":{"start":{"line":34,"column":4},"end":{"line":37,"column":5}},"type":"if","locations":[{"start":{"line":34,"column":4},"end":{"line":37,"column":5}},{"start":{"line":34,"column":4},"end":{"line":37,"column":5}}],"line":34},"1":{"loc":{"start":{"line":57,"column":6},"end":{"line":62,"column":7}},"type":"if","locations":[{"start":{"line":57,"column":6},"end":{"line":62,"column":7}},{"start":{"line":57,"column":6},"end":{"line":62,"column":7}}],"line":57},"2":{"loc":{"start":{"line":74,"column":6},"end":{"line":83,"column":7}},"type":"if","locations":[{"start":{"line":74,"column":6},"end":{"line":83,"column":7}},{"start":{"line":74,"column":6},"end":{"line":83,"column":7}}],"line":74},"3":{"loc":{"start":{"line":85,"column":6},"end":{"line":92,"column":7}},"type":"if","locations":[{"start":{"line":85,"column":6},"end":{"line":92,"column":7}},{"start":{"line":85,"column":6},"end":{"line":92,"column":7}}],"line":85},"4":{"loc":{"start":{"line":103,"column":6},"end":{"line":105,"column":7}},"type":"if","locations":[{"start":{"line":103,"column":6},"end":{"line":105,"column":7}},{"start":{"line":103,"column":6},"end":{"line":105,"column":7}}],"line":103},"5":{"loc":{"start":{"line":122,"column":8},"end":{"line":122,"column":57}},"type":"if","locations":[{"start":{"line":122,"column":8},"end":{"line":122,"column":57}},{"start":{"line":122,"column":8},"end":{"line":122,"column":57}}],"line":122},"6":{"loc":{"start":{"line":138,"column":4},"end":{"line":143,"column":5}},"type":"if","locations":[{"start":{"line":138,"column":4},"end":{"line":143,"column":5}},{"start":{"line":138,"column":4},"end":{"line":143,"column":5}}],"line":138},"7":{"loc":{"start":{"line":181,"column":6},"end":{"line":181,"column":68}},"type":"if","locations":[{"start":{"line":181,"column":6},"end":{"line":181,"column":68}},{"start":{"line":181,"column":6},"end":{"line":181,"column":68}}],"line":181}},"s":{"0":27,"1":27,"2":11,"3":25,"4":25,"5":9,"6":9,"7":16,"8":16,"9":7,"10":16,"11":16,"12":0,"13":0,"14":0,"15":0,"16":1,"17":1,"18":4,"19":1,"20":1,"21":1,"22":1,"23":3,"24":1,"25":1,"26":1,"27":1,"28":1,"29":1,"30":1,"31":1,"32":0,"33":0,"34":0,"35":0,"36":0,"37":0,"38":2,"39":2,"40":3,"41":1,"42":2,"43":1,"44":2,"45":2,"46":2,"47":8,"48":8,"49":2,"50":2,"51":10,"52":2,"53":8,"54":2,"55":4,"56":4,"57":4,"58":12,"59":12,"60":4,"61":4,"62":3,"63":1,"64":1,"65":1,"66":1,"67":1,"68":3,"69":3,"70":3,"71":3,"72":1,"73":0,"74":0,"75":0,"76":1,"77":1,"78":1,"79":3,"80":3,"81":1,"82":1,"83":1,"84":1,"85":0,"86":1,"87":1},"f":{"0":27,"1":11,"2":25,"3":0,"4":1,"5":1,"6":2,"7":2,"8":10,"9":4,"10":1,"11":0,"12":1},"b":{"0":[9,16],"1":[1,3],"2":[1,0],"3":[0,0],"4":[1,2],"5":[2,8],"6":[3,1],"7":[0,1]},"_coverageSchema":"1a1c01bbd47fc00a2c39e90264f33305004495a9","hash":"fd3f239b7c365c1f5c8b49100c620e1d650387c4"}
,"/home/musab/ltuc/401/data-structures-and-algorithms401/challenges/stacksAndQueues/stacks-and-queues.js": {"path":"/home/musab/ltuc/401/data-structures-and-algorithms401/challenges/stacksAndQueues/stacks-and-queues.js","statementMap":{"0":{"start":{"line":6,"column":4},"end":{"line":6,"column":22}},"1":{"start":{"line":13,"column":4},"end":{"line":13,"column":19}},"2":{"start":{"line":14,"column":4},"end":{"line":14,"column":30}},"3":{"start":{"line":17,"column":4},"end":{"line":17,"column":30}},"4":{"start":{"line":18,"column":4},"end":{"line":18,"column":34}},"5":{"start":{"line":19,"column":4},"end":{"line":19,"column":19}},"6":{"start":{"line":23,"column":4},"end":{"line":26,"column":5}},"7":{"start":{"line":25,"column":6},"end":{"line":25,"column":21}},"8":{"start":{"line":27,"column":4},"end":{"line":27,"column":22}},"9":{"start":{"line":30,"column":4},"end":{"line":34,"column":5}},"10":{"start":{"line":31,"column":17},"end":{"line":31,"column":37}},"11":{"start":{"line":32,"column":6},"end":{"line":32,"column":40}},"12":{"start":{"line":33,"column":6},"end":{"line":33,"column":17}},"13":{"start":{"line":35,"column":4},"end":{"line":35,"column":22}},"14":{"start":{"line":38,"column":4},"end":{"line":40,"column":5}},"15":{"start":{"line":39,"column":6},"end":{"line":39,"column":18}},"16":{"start":{"line":41,"column":4},"end":{"line":41,"column":15}},"17":{"start":{"line":47,"column":4},"end":{"line":47,"column":21}},"18":{"start":{"line":48,"column":4},"end":{"line":48,"column":30}},"19":{"start":{"line":51,"column":4},"end":{"line":51,"column":33}},"20":{"start":{"line":52,"column":4},"end":{"line":52,"column":33}},"21":{"start":{"line":53,"column":4},"end":{"line":53,"column":21}},"22":{"start":{"line":56,"column":4},"end":{"line":62,"column":5}},"23":{"start":{"line":57,"column":6},"end":{"line":60,"column":7}},"24":{"start":{"line":58,"column":8},"end":{"line":58,"column":25}},"25":{"start":{"line":59,"column":8},"end":{"line":59,"column":35}},"26":{"start":{"line":61,"column":6},"end":{"line":61,"column":33}},"27":{"start":{"line":63,"column":4},"end":{"line":63,"column":21}},"28":{"start":{"line":64,"column":4},"end":{"line":64,"column":22}},"29":{"start":{"line":67,"column":4},"end":{"line":69,"column":5}},"30":{"start":{"line":68,"column":6},"end":{"line":68,"column":28}},"31":{"start":{"line":70,"column":4},"end":{"line":70,"column":22}},"32":{"start":{"line":73,"column":4},"end":{"line":76,"column":5}},"33":{"start":{"line":74,"column":6},"end":{"line":74,"column":18}},"34":{"start":{"line":77,"column":4},"end":{"line":77,"column":15}},"35":{"start":{"line":81,"column":0},"end":{"line":85,"column":1}}},"fnMap":{"0":{"name":"(anonymous_0)","decl":{"start":{"line":5,"column":2},"end":{"line":5,"column":3}},"loc":{"start":{"line":5,"column":21},"end":{"line":8,"column":3}},"line":5},"1":{"name":"(anonymous_1)","decl":{"start":{"line":12,"column":2},"end":{"line":12,"column":3}},"loc":{"start":{"line":12,"column":16},"end":{"line":15,"column":3}},"line":12},"2":{"name":"(anonymous_2)","decl":{"start":{"line":16,"column":2},"end":{"line":16,"column":3}},"loc":{"start":{"line":16,"column":14},"end":{"line":20,"column":3}},"line":16},"3":{"name":"(anonymous_3)","decl":{"start":{"line":22,"column":2},"end":{"line":22,"column":3}},"loc":{"start":{"line":22,"column":9},"end":{"line":28,"column":3}},"line":22},"4":{"name":"(anonymous_4)","decl":{"start":{"line":29,"column":2},"end":{"line":29,"column":3}},"loc":{"start":{"line":29,"column":8},"end":{"line":36,"column":3}},"line":29},"5":{"name":"(anonymous_5)","decl":{"start":{"line":37,"column":2},"end":{"line":37,"column":3}},"loc":{"start":{"line":37,"column":12},"end":{"line":42,"column":3}},"line":37},"6":{"name":"(anonymous_6)","decl":{"start":{"line":46,"column":2},"end":{"line":46,"column":3}},"loc":{"start":{"line":46,"column":16},"end":{"line":49,"column":3}},"line":46},"7":{"name":"(anonymous_7)","decl":{"start":{"line":50,"column":2},"end":{"line":50,"column":3}},"loc":{"start":{"line":50,"column":17},"end":{"line":54,"column":3}},"line":50},"8":{"name":"(anonymous_8)","decl":{"start":{"line":55,"column":2},"end":{"line":55,"column":3}},"loc":{"start":{"line":55,"column":12},"end":{"line":65,"column":3}},"line":55},"9":{"name":"(anonymous_9)","decl":{"start":{"line":66,"column":2},"end":{"line":66,"column":3}},"loc":{"start":{"line":66,"column":9},"end":{"line":71,"column":3}},"line":66},"10":{"name":"(anonymous_10)","decl":{"start":{"line":72,"column":2},"end":{"line":72,"column":3}},"loc":{"start":{"line":72,"column":12},"end":{"line":78,"column":3}},"line":72}},"branchMap":{"0":{"loc":{"start":{"line":23,"column":4},"end":{"line":26,"column":5}},"type":"if","locations":[{"start":{"line":23,"column":4},"end":{"line":26,"column":5}},{"start":{"line":23,"column":4},"end":{"line":26,"column":5}}],"line":23},"1":{"loc":{"start":{"line":30,"column":4},"end":{"line":34,"column":5}},"type":"if","locations":[{"start":{"line":30,"column":4},"end":{"line":34,"column":5}},{"start":{"line":30,"column":4},"end":{"line":34,"column":5}}],"line":30},"2":{"loc":{"start":{"line":32,"column":17},"end":{"line":32,"column":40}},"type":"binary-expr","locations":[{"start":{"line":32,"column":17},"end":{"line":32,"column":32}},{"start":{"line":32,"column":36},"end":{"line":32,"column":40}}],"line":32},"3":{"loc":{"start":{"line":38,"column":4},"end":{"line":40,"column":5}},"type":"if","locations":[{"start":{"line":38,"column":4},"end":{"line":40,"column":5}},{"start":{"line":38,"column":4},"end":{"line":40,"column":5}}],"line":38},"4":{"loc":{"start":{"line":56,"column":4},"end":{"line":62,"column":5}},"type":"if","locations":[{"start":{"line":56,"column":4},"end":{"line":62,"column":5}},{"start":{"line":56,"column":4},"end":{"line":62,"column":5}}],"line":56},"5":{"loc":{"start":{"line":57,"column":6},"end":{"line":60,"column":7}},"type":"if","locations":[{"start":{"line":57,"column":6},"end":{"line":60,"column":7}},{"start":{"line":57,"column":6},"end":{"line":60,"column":7}}],"line":57},"6":{"loc":{"start":{"line":67,"column":4},"end":{"line":69,"column":5}},"type":"if","locations":[{"start":{"line":67,"column":4},"end":{"line":69,"column":5}},{"start":{"line":67,"column":4},"end":{"line":69,"column":5}}],"line":67},"7":{"loc":{"start":{"line":73,"column":4},"end":{"line":76,"column":5}},"type":"if","locations":[{"start":{"line":73,"column":4},"end":{"line":76,"column":5}},{"start":{"line":73,"column":4},"end":{"line":76,"column":5}}],"line":73}},"s":{"0":18,"1":7,"2":7,"3":9,"4":9,"5":9,"6":2,"7":1,"8":1,"9":4,"10":3,"11":3,"12":3,"13":1,"14":0,"15":0,"16":0,"17":7,"18":7,"19":9,"20":9,"21":9,"22":4,"23":3,"24":1,"25":1,"26":2,"27":1,"28":1,"29":1,"30":1,"31":0,"32":1,"33":0,"34":1,"35":1},"f":{"0":18,"1":7,"2":9,"3":2,"4":4,"5":0,"6":7,"7":9,"8":4,"9":1,"10":1},"b":{"0":[1,1],"1":[3,1],"2":[3,1],"3":[0,0],"4":[3,1],"5":[1,2],"6":[1,0],"7":[0,1]},"_coverageSchema":"1a1c01bbd47fc00a2c39e90264f33305004495a9","hash":"1dbdd0d8b5f8d22799f1a128f9e1f98dbed7ab50"}
}
