{"/home/musab/ltuc/401/data-structures-and-algorithms401/challenges/linkedList/linked-list.js": {"path":"/home/musab/ltuc/401/data-structures-and-algorithms401/challenges/linkedList/linked-list.js","statementMap":{"0":{"start":{"line":6,"column":4},"end":{"line":6,"column":23}},"1":{"start":{"line":7,"column":4},"end":{"line":7,"column":21}},"2":{"start":{"line":13,"column":4},"end":{"line":13,"column":21}},"3":{"start":{"line":33,"column":15},"end":{"line":33,"column":30}},"4":{"start":{"line":34,"column":4},"end":{"line":37,"column":5}},"5":{"start":{"line":35,"column":6},"end":{"line":35,"column":23}},"6":{"start":{"line":36,"column":6},"end":{"line":36,"column":17}},"7":{"start":{"line":38,"column":25},"end":{"line":38,"column":34}},"8":{"start":{"line":39,"column":4},"end":{"line":42,"column":5}},"9":{"start":{"line":41,"column":6},"end":{"line":41,"column":42}},"10":{"start":{"line":43,"column":4},"end":{"line":43,"column":30}},"11":{"start":{"line":44,"column":4},"end":{"line":44,"column":15}},"12":{"start":{"line":48,"column":18},"end":{"line":48,"column":33}},"13":{"start":{"line":49,"column":4},"end":{"line":49,"column":29}},"14":{"start":{"line":50,"column":4},"end":{"line":50,"column":24}},"15":{"start":{"line":51,"column":4},"end":{"line":51,"column":21}},"16":{"start":{"line":55,"column":22},"end":{"line":55,"column":31}},"17":{"start":{"line":56,"column":4},"end":{"line":64,"column":5}},"18":{"start":{"line":57,"column":6},"end":{"line":62,"column":7}},"19":{"start":{"line":58,"column":22},"end":{"line":58,"column":38}},"20":{"start":{"line":59,"column":8},"end":{"line":59,"column":39}},"21":{"start":{"line":60,"column":8},"end":{"line":60,"column":34}},"22":{"start":{"line":61,"column":8},"end":{"line":61,"column":15}},"23":{"start":{"line":63,"column":6},"end":{"line":63,"column":36}},"24":{"start":{"line":67,"column":22},"end":{"line":67,"column":31}},"25":{"start":{"line":68,"column":4},"end":{"line":71,"column":5}},"26":{"start":{"line":69,"column":6},"end":{"line":69,"column":37}},"27":{"start":{"line":70,"column":6},"end":{"line":70,"column":36}},"28":{"start":{"line":77,"column":22},"end":{"line":77,"column":31}},"29":{"start":{"line":79,"column":4},"end":{"line":102,"column":5}},"30":{"start":{"line":81,"column":6},"end":{"line":90,"column":7}},"31":{"start":{"line":82,"column":22},"end":{"line":82,"column":37}},"32":{"start":{"line":84,"column":8},"end":{"line":84,"column":34}},"33":{"start":{"line":86,"column":8},"end":{"line":86,"column":40}},"34":{"start":{"line":88,"column":8},"end":{"line":88,"column":35}},"35":{"start":{"line":89,"column":8},"end":{"line":89,"column":15}},"36":{"start":{"line":92,"column":6},"end":{"line":99,"column":7}},"37":{"start":{"line":93,"column":22},"end":{"line":93,"column":38}},"38":{"start":{"line":95,"column":8},"end":{"line":95,"column":40}},"39":{"start":{"line":97,"column":8},"end":{"line":97,"column":35}},"40":{"start":{"line":98,"column":8},"end":{"line":98,"column":15}},"41":{"start":{"line":100,"column":6},"end":{"line":100,"column":36}},"42":{"start":{"line":110,"column":25},"end":{"line":110,"column":34}},"43":{"start":{"line":112,"column":4},"end":{"line":117,"column":5}},"44":{"start":{"line":113,"column":6},"end":{"line":115,"column":7}},"45":{"start":{"line":114,"column":8},"end":{"line":114,"column":19}},"46":{"start":{"line":116,"column":6},"end":{"line":116,"column":42}},"47":{"start":{"line":118,"column":4},"end":{"line":118,"column":16}},"48":{"start":{"line":123,"column":21},"end":{"line":123,"column":30}},"49":{"start":{"line":124,"column":20},"end":{"line":124,"column":22}},"50":{"start":{"line":125,"column":4},"end":{"line":128,"column":5}},"51":{"start":{"line":126,"column":6},"end":{"line":126,"column":38}},"52":{"start":{"line":127,"column":6},"end":{"line":127,"column":34}},"53":{"start":{"line":129,"column":4},"end":{"line":129,"column":24}},"54":{"start":{"line":131,"column":22},"end":{"line":134,"column":12}},"55":{"start":{"line":132,"column":8},"end":{"line":132,"column":57}},"56":{"start":{"line":132,"column":30},"end":{"line":132,"column":55}},"57":{"start":{"line":133,"column":8},"end":{"line":133,"column":35}},"58":{"start":{"line":136,"column":4},"end":{"line":136,"column":22}},"59":{"start":{"line":139,"column":22},"end":{"line":139,"column":31}},"60":{"start":{"line":140,"column":14},"end":{"line":140,"column":16}},"61":{"start":{"line":141,"column":4},"end":{"line":145,"column":5}},"62":{"start":{"line":143,"column":6},"end":{"line":143,"column":33}},"63":{"start":{"line":144,"column":6},"end":{"line":144,"column":36}},"64":{"start":{"line":147,"column":12},"end":{"line":147,"column":30}},"65":{"start":{"line":148,"column":4},"end":{"line":153,"column":5}},"66":{"start":{"line":150,"column":6},"end":{"line":150,"column":19}},"67":{"start":{"line":152,"column":6},"end":{"line":152,"column":24}},"68":{"start":{"line":158,"column":9},"end":{"line":158,"column":25}},"69":{"start":{"line":159,"column":0},"end":{"line":159,"column":14}},"70":{"start":{"line":160,"column":0},"end":{"line":160,"column":14}},"71":{"start":{"line":161,"column":0},"end":{"line":161,"column":14}},"72":{"start":{"line":162,"column":0},"end":{"line":162,"column":30}},"73":{"start":{"line":171,"column":0},"end":{"line":171,"column":27}}},"fnMap":{"0":{"name":"(anonymous_0)","decl":{"start":{"line":5,"column":2},"end":{"line":5,"column":3}},"loc":{"start":{"line":5,"column":21},"end":{"line":8,"column":3}},"line":5},"1":{"name":"(anonymous_1)","decl":{"start":{"line":12,"column":2},"end":{"line":12,"column":3}},"loc":{"start":{"line":12,"column":16},"end":{"line":14,"column":3}},"line":12},"2":{"name":"(anonymous_2)","decl":{"start":{"line":32,"column":2},"end":{"line":32,"column":3}},"loc":{"start":{"line":32,"column":16},"end":{"line":45,"column":3}},"line":32},"3":{"name":"(anonymous_3)","decl":{"start":{"line":47,"column":2},"end":{"line":47,"column":3}},"loc":{"start":{"line":47,"column":16},"end":{"line":52,"column":3}},"line":47},"4":{"name":"(anonymous_4)","decl":{"start":{"line":54,"column":2},"end":{"line":54,"column":3}},"loc":{"start":{"line":54,"column":29},"end":{"line":65,"column":3}},"line":54},"5":{"name":"(anonymous_5)","decl":{"start":{"line":66,"column":2},"end":{"line":66,"column":3}},"loc":{"start":{"line":66,"column":10},"end":{"line":72,"column":3}},"line":66},"6":{"name":"(anonymous_6)","decl":{"start":{"line":75,"column":2},"end":{"line":75,"column":3}},"loc":{"start":{"line":75,"column":30},"end":{"line":103,"column":3}},"line":75},"7":{"name":"(anonymous_7)","decl":{"start":{"line":109,"column":2},"end":{"line":109,"column":3}},"loc":{"start":{"line":109,"column":18},"end":{"line":119,"column":3}},"line":109},"8":{"name":"(anonymous_8)","decl":{"start":{"line":122,"column":2},"end":{"line":122,"column":3}},"loc":{"start":{"line":122,"column":13},"end":{"line":137,"column":3}},"line":122},"9":{"name":"(anonymous_9)","decl":{"start":{"line":131,"column":39},"end":{"line":131,"column":40}},"loc":{"start":{"line":131,"column":55},"end":{"line":134,"column":7}},"line":131},"10":{"name":"(anonymous_10)","decl":{"start":{"line":138,"column":2},"end":{"line":138,"column":3}},"loc":{"start":{"line":138,"column":16},"end":{"line":155,"column":3}},"line":138}},"branchMap":{"0":{"loc":{"start":{"line":34,"column":4},"end":{"line":37,"column":5}},"type":"if","locations":[{"start":{"line":34,"column":4},"end":{"line":37,"column":5}},{"start":{"line":34,"column":4},"end":{"line":37,"column":5}}],"line":34},"1":{"loc":{"start":{"line":57,"column":6},"end":{"line":62,"column":7}},"type":"if","locations":[{"start":{"line":57,"column":6},"end":{"line":62,"column":7}},{"start":{"line":57,"column":6},"end":{"line":62,"column":7}}],"line":57},"2":{"loc":{"start":{"line":81,"column":6},"end":{"line":90,"column":7}},"type":"if","locations":[{"start":{"line":81,"column":6},"end":{"line":90,"column":7}},{"start":{"line":81,"column":6},"end":{"line":90,"column":7}}],"line":81},"3":{"loc":{"start":{"line":92,"column":6},"end":{"line":99,"column":7}},"type":"if","locations":[{"start":{"line":92,"column":6},"end":{"line":99,"column":7}},{"start":{"line":92,"column":6},"end":{"line":99,"column":7}}],"line":92},"4":{"loc":{"start":{"line":113,"column":6},"end":{"line":115,"column":7}},"type":"if","locations":[{"start":{"line":113,"column":6},"end":{"line":115,"column":7}},{"start":{"line":113,"column":6},"end":{"line":115,"column":7}}],"line":113},"5":{"loc":{"start":{"line":132,"column":8},"end":{"line":132,"column":57}},"type":"if","locations":[{"start":{"line":132,"column":8},"end":{"line":132,"column":57}},{"start":{"line":132,"column":8},"end":{"line":132,"column":57}}],"line":132},"6":{"loc":{"start":{"line":148,"column":4},"end":{"line":153,"column":5}},"type":"if","locations":[{"start":{"line":148,"column":4},"end":{"line":153,"column":5}},{"start":{"line":148,"column":4},"end":{"line":153,"column":5}}],"line":148}},"s":{"0":24,"1":24,"2":10,"3":22,"4":22,"5":8,"6":8,"7":14,"8":14,"9":6,"10":14,"11":14,"12":0,"13":0,"14":0,"15":0,"16":1,"17":1,"18":4,"19":1,"20":1,"21":1,"22":1,"23":3,"24":0,"25":0,"26":0,"27":0,"28":1,"29":1,"30":1,"31":1,"32":1,"33":1,"34":1,"35":1,"36":0,"37":0,"38":0,"39":0,"40":0,"41":0,"42":2,"43":2,"44":3,"45":1,"46":2,"47":1,"48":2,"49":2,"50":2,"51":8,"52":8,"53":2,"54":2,"55":10,"56":2,"57":8,"58":2,"59":5,"60":5,"61":5,"62":15,"63":15,"64":5,"65":5,"66":4,"67":1,"68":1,"69":1,"70":1,"71":1,"72":1,"73":1},"f":{"0":24,"1":10,"2":22,"3":0,"4":1,"5":0,"6":1,"7":2,"8":2,"9":10,"10":5},"b":{"0":[8,14],"1":[1,3],"2":[1,0],"3":[0,0],"4":[1,2],"5":[2,8],"6":[4,1]},"_coverageSchema":"1a1c01bbd47fc00a2c39e90264f33305004495a9","hash":"cf89a38faeb244f3682ab8af74dee9cc75cabde2"}
}
