TN:
SF:challenges/linkedList/linked-list.js
FN:5,(anonymous_0)
FN:12,(anonymous_1)
FN:32,(anonymous_2)
FN:46,(anonymous_3)
FN:58,(anonymous_4)
FN:67,(anonymous_5)
FNF:6
FNH:6
FNDA:16,(anonymous_0)
FNDA:7,(anonymous_1)
FNDA:16,(anonymous_2)
FNDA:2,(anonymous_3)
FNDA:1,(anonymous_4)
FNDA:4,(anonymous_5)
DA:6,16
DA:7,16
DA:13,7
DA:33,16
DA:34,16
DA:35,6
DA:36,6
DA:38,10
DA:39,10
DA:41,4
DA:43,10
DA:44,10
DA:47,2
DA:48,2
DA:49,2
DA:50,2
DA:52,0
DA:54,0
DA:59,1
DA:60,1
DA:61,1
DA:62,3
DA:63,3
DA:65,1
DA:67,1
DA:68,4
DA:69,3
DA:72,1
DA:75,1
LF:29
LH:27
BRDA:34,0,0,6
BRDA:34,0,1,10
BRDA:49,1,0,2
BRDA:49,1,1,0
BRDA:68,2,0,1
BRDA:68,2,1,3
BRF:6
BRH:5
end_of_record
