TN:
SF:challenges/linkedList/linked-list.js
FN:5,(anonymous_0)
FN:12,(anonymous_1)
FN:32,(anonymous_2)
FN:47,(anonymous_3)
FN:54,(anonymous_4)
FN:66,(anonymous_5)
FN:75,(anonymous_6)
FN:109,(anonymous_7)
FN:122,(anonymous_8)
FN:131,(anonymous_9)
FN:138,(anonymous_10)
FNF:11
FNH:9
FNDA:24,(anonymous_0)
FNDA:10,(anonymous_1)
FNDA:22,(anonymous_2)
FNDA:0,(anonymous_3)
FNDA:1,(anonymous_4)
FNDA:0,(anonymous_5)
FNDA:1,(anonymous_6)
FNDA:2,(anonymous_7)
FNDA:2,(anonymous_8)
FNDA:10,(anonymous_9)
FNDA:5,(anonymous_10)
DA:6,24
DA:7,24
DA:13,10
DA:33,22
DA:34,22
DA:35,8
DA:36,8
DA:38,14
DA:39,14
DA:41,6
DA:43,14
DA:44,14
DA:48,0
DA:49,0
DA:50,0
DA:51,0
DA:55,1
DA:56,1
DA:57,4
DA:58,1
DA:59,1
DA:60,1
DA:61,1
DA:63,3
DA:67,0
DA:68,0
DA:69,0
DA:70,0
DA:77,1
DA:79,1
DA:81,1
DA:82,1
DA:84,1
DA:86,1
DA:88,1
DA:89,1
DA:92,0
DA:93,0
DA:95,0
DA:97,0
DA:98,0
DA:100,0
DA:110,2
DA:112,2
DA:113,3
DA:114,1
DA:116,2
DA:118,1
DA:123,2
DA:124,2
DA:125,2
DA:126,8
DA:127,8
DA:129,2
DA:131,2
DA:132,10
DA:133,8
DA:136,2
DA:139,5
DA:140,5
DA:141,5
DA:143,15
DA:144,15
DA:147,5
DA:148,5
DA:150,4
DA:152,1
DA:158,1
DA:159,1
DA:160,1
DA:161,1
DA:162,1
DA:171,1
LF:73
LH:59
BRDA:34,0,0,8
BRDA:34,0,1,14
BRDA:57,1,0,1
BRDA:57,1,1,3
BRDA:81,2,0,1
BRDA:81,2,1,0
BRDA:92,3,0,0
BRDA:92,3,1,0
BRDA:113,4,0,1
BRDA:113,4,1,2
BRDA:132,5,0,2
BRDA:132,5,1,8
BRDA:148,6,0,4
BRDA:148,6,1,1
BRF:14
BRH:11
end_of_record
